Flutter crash report.
Please report a bug at https://github.com/flutter/flutter/issues.

## command

flutter run -v

## exception

FormatException: FormatException: Unexpected character (at character 1)
pthread_create failed
^


```
#0      _ChunkedJsonParser.fail (dart:convert-patch/convert_patch.dart:1463:5)
#1      _ChunkedJsonParser.parseNumber (dart:convert-patch/convert_patch.dart:1329:9)
#2      _ChunkedJsonParser.parse (dart:convert-patch/convert_patch.dart:931:22)
#3      _JsonStringDecoderSink.addSlice (dart:convert-patch/convert_patch.dart:1551:13)
#4      _JsonStringDecoderSink.add (dart:convert-patch/convert_patch.dart:1556:5)
#5      _ConverterStreamEventSink.add (dart:convert/chunked_conversion.dart:70:18)
#6      _SinkTransformerStreamSubscription._handleData (dart:async/stream_transformers.dart:115:24)
#7      _rootRunUnary (dart:async/zone.dart:1538:47)
#8      _CustomZone.runUnary (dart:async/zone.dart:1429:19)
#9      _CustomZone.runUnaryGuarded (dart:async/zone.dart:1329:7)
#10     _BufferingStreamSubscription._sendData (dart:async/stream_impl.dart:381:11)
#11     _BufferingStreamSubscription._add (dart:async/stream_impl.dart:312:7)
#12     _SinkTransformerStreamSubscription._add (dart:async/stream_transformers.dart:67:11)
#13     _EventSinkWrapper.add (dart:async/stream_transformers.dart:13:11)
#14     _StringAdapterSink.add (dart:convert/string_conversion.dart:228:11)
#15     _StringAdapterSink.addSlice (dart:convert/string_conversion.dart:233:7)
#16     _Utf8ConversionSink.addSlice (dart:convert/string_conversion.dart:313:20)
#17     _Utf8ConversionSink.add (dart:convert/string_conversion.dart:306:5)
#18     _ConverterStreamEventSink.add (dart:convert/chunked_conversion.dart:70:18)
#19     _SinkTransformerStreamSubscription._handleData (dart:async/stream_transformers.dart:115:24)
#20     _rootRunUnary (dart:async/zone.dart:1538:47)
#21     _CustomZone.runUnary (dart:async/zone.dart:1429:19)
#22     _CustomZone.runUnaryGuarded (dart:async/zone.dart:1329:7)
#23     _BufferingStreamSubscription._sendData (dart:async/stream_impl.dart:381:11)
#24     _BufferingStreamSubscription._add (dart:async/stream_impl.dart:312:7)
#25     _SyncStreamControllerDispatch._sendData (dart:async/stream_controller.dart:798:19)
#26     _StreamController._add (dart:async/stream_controller.dart:663:7)
#27     _StreamController.add (dart:async/stream_controller.dart:618:5)
#28     _Socket._onData (dart:io-patch/socket_patch.dart:2907:41)
#29     _rootRunUnary (dart:async/zone.dart:1546:13)
#30     _CustomZone.runUnary (dart:async/zone.dart:1429:19)
#31     _CustomZone.runUnaryGuarded (dart:async/zone.dart:1329:7)
#32     _BufferingStreamSubscription._sendData (dart:async/stream_impl.dart:381:11)
#33     _BufferingStreamSubscription._add (dart:async/stream_impl.dart:312:7)
#34     _SyncStreamControllerDispatch._sendData (dart:async/stream_controller.dart:798:19)
#35     _StreamController._add (dart:async/stream_controller.dart:663:7)
#36     _StreamController.add (dart:async/stream_controller.dart:618:5)
#37     new _RawSocket.<anonymous closure> (dart:io-patch/socket_patch.dart:2326:31)
#38     _NativeSocket.issueReadEvent.issue (dart:io-patch/socket_patch.dart:1649:14)
#39     _microtaskLoop (dart:async/schedule_microtask.dart:40:21)
#40     _startMicrotaskLoop (dart:async/schedule_microtask.dart:49:5)
#41     _runPendingImmediateCallback (dart:isolate-patch/isolate_patch.dart:127:13)
#42     _RawReceivePort._handleMessage (dart:isolate-patch/isolate_patch.dart:194:5)
```

## flutter doctor

```
[32m[✓][39m Flutter (Channel stable, 3.32.0, on EndeavourOS 6.14.9-arch1-1, locale en_US.UTF-8) [793ms]
    [32m•[39m Flutter version 3.32.0 on channel stable at /home/savelli/Downloads/flutter
    [32m•[39m Upstream repository https://github.com/flutter/flutter.git
    [32m•[39m Framework revision be698c48a6 (5 weeks ago), 2025-05-19 12:59:14 -0700
    [32m•[39m Engine revision 1881800949
    [32m•[39m Dart version 3.8.0
    [32m•[39m DevTools version 2.45.1

[32m[✓][39m Android toolchain - develop for Android devices (Android SDK version 35.0.1) [6.9s]
    [32m•[39m Android SDK at /home/savelli/Android/Sdk
    [32m•[39m Platform android-35, build-tools 35.0.1
    [32m•[39m ANDROID_HOME = /home/savelli/Android/Sdk
    [32m•[39m Java binary at: /usr/local/android-studio/jbr/bin/java
      This is the JDK bundled with the latest Android Studio installation on this machine.
      To manually set the JDK path, use: `flutter config --jdk-dir="path/to/jdk"`.
    [32m•[39m Java version OpenJDK Runtime Environment (build 21.0.6+-13368085-b895.109)
    [32m•[39m All Android licenses accepted.

[31m[✗][39m Chrome - develop for the web (Cannot find Chrome executable at google-chrome) [64ms]
    [33m![39m Cannot find Chrome. Try setting CHROME_EXECUTABLE to a Chrome executable.

[32m[✓][39m Linux toolchain - develop for Linux desktop [4.2s]
    [32m•[39m clang version 19.1.7
    [32m•[39m cmake version 4.0.2-dirty
    [32m•[39m ninja version 1.12.1
    [32m•[39m pkg-config version 2.4.3
    [32m•[39m OpenGL core renderer: Mesa Intel(R) Iris(R) Xe Graphics (RPL-U) (X11)
    [32m•[39m OpenGL core version: 4.6 (Core Profile) Mesa 25.1.1-arch1.2 (X11)
    [32m•[39m OpenGL core shading language version: 4.60 (X11)
    [32m•[39m OpenGL ES renderer: Mesa Intel(R) Iris(R) Xe Graphics (RPL-U) (X11)
    [32m•[39m OpenGL ES version: OpenGL ES 3.2 Mesa 25.1.1-arch1.2 (X11)
    [32m•[39m OpenGL ES shading language version: OpenGL ES GLSL ES 3.20 (X11)
    [32m•[39m GL_EXT_framebuffer_blit: yes (X11)
    [32m•[39m GL_EXT_texture_format_BGRA8888: yes (X11)

[32m[✓][39m Android Studio (version 2024.3.2) [55ms]
    [32m•[39m Android Studio at /usr/local/android-studio
    [32m•[39m Flutter plugin can be installed from:
      🔨 https://plugins.jetbrains.com/plugin/9212-flutter
    [32m•[39m Dart plugin can be installed from:
      🔨 https://plugins.jetbrains.com/plugin/6351-dart
    [32m•[39m Java version OpenJDK Runtime Environment (build 21.0.6+-13368085-b895.109)

[32m[✓][39m Connected device (2 available) [651ms]
    [32m•[39m sdk gphone16k x86 64 (mobile) • emulator-5554 • android-x64 • Android 16 (API 36) (emulator)
    [32m•[39m Linux (desktop)               • linux         • linux-x64   • EndeavourOS 6.14.9-arch1-1

[32m[✓][39m Network resources [851ms]
    [32m•[39m All expected network resources are available.

[33m![39m Doctor found issues in 1 category.
```
