#
# A fatal error has been detected by the Java Runtime Environment:
#
#  SIGSEGV (0xb) at pc=0x00007fe53edcc752, pid=193152, tid=193153
#
# JRE version:  (21.0.6) (build )
# Java VM: OpenJDK 64-Bit Server VM (21.0.6+-13368085-b895.109, mixed mode, tiered, compressed oops, compressed class ptrs, g1 gc, linux-amd64)
# Problematic frame:
# V  [libjvm.so+0xfcc752]  SymbolTable::do_lookup(char const*, int, unsigned long)+0xd2
#
# Core dump will be written. Default location: Core dumps may be processed with "/usr/lib/systemd/systemd-coredump %P %u %g %s %t %c %h %d %F" (or dumping to /home/savelli/projects/flutter-lab/pluralsight/mindful_app/core.193152)
#
#

---------------  S U M M A R Y ------------

Command Line: -Dawt.toolkit.name=XToolkit 

Host: 13th Gen Intel(R) Core(TM) i5-1335U, 12 cores, 15G, EndeavourOS Linux
Time: Mon Jun  9 10:31:06 2025 WEST elapsed time: 0.013997 seconds (0d 0h 0m 0s)

---------------  T H R E A D  ---------------

Current thread (0x00007fe53802aeb0):  JavaThread "Unknown thread" [_thread_in_vm, id=193153, stack(0x00007fe53dc03000,0x00007fe53dd03000) (1024K)]

Stack: [0x00007fe53dc03000,0x00007fe53dd03000],  sp=0x00007fe53dd00f00,  free space=1015k
Native frames: (J=compiled Java code, j=interpreted, Vv=VM code, C=native code)
V  [libjvm.so+0xfcc752]  SymbolTable::do_lookup(char const*, int, unsigned long)+0xd2
V  [libjvm.so+0xfcd32e]  SymbolTable::lookup_only(char const*, int, unsigned int&)+0x11e
V  [libjvm.so+0x823e99]  ClassFileParser::parse_constant_pool_entries(ClassFileStream const*, ConstantPool*, int, JavaThread*)+0x259
V  [libjvm.so+0x8245e2]  ClassFileParser::parse_constant_pool(ClassFileStream const*, ConstantPool*, int, JavaThread*)+0x22
V  [libjvm.so+0x8321e7]  ClassFileParser::parse_stream(ClassFileStream const*, JavaThread*)+0x177
V  [libjvm.so+0x832031]  ClassFileParser::ClassFileParser(ClassFileStream*, Symbol*, ClassLoaderData*, ClassLoadInfo const*, ClassFileParser::Publicity, bool, JavaThread*)+0x1d1
V  [libjvm.so+0xce7f53]  KlassFactory::create_from_stream(ClassFileStream*, Symbol*, ClassLoaderData*, ClassLoadInfo const&, bool, JavaThread*)+0x1f3
V  [libjvm.so+0x83bb6c]  ClassLoader::load_class(Symbol*, bool, JavaThread*)+0x20c
V  [libjvm.so+0xfd99b8]  SystemDictionary::load_instance_class_impl(Symbol*, Handle, JavaThread*)+0x3a8
V  [libjvm.so+0xfd8029]  SystemDictionary::load_instance_class(Symbol*, Handle, JavaThread*)+0x19
V  [libjvm.so+0xfd79a3]  SystemDictionary::resolve_instance_class_or_null(Symbol*, Handle, Handle, JavaThread*)+0x763
V  [libjvm.so+0xfd6cab]  SystemDictionary::resolve_or_fail(Symbol*, Handle, Handle, bool, JavaThread*)+0x1b
V  [libjvm.so+0x107dd55]  vmClasses::resolve_through(vmClassID, vmClassID&, JavaThread*)+0xb5
V  [libjvm.so+0x107da39]  vmClasses::resolve_all(JavaThread*)+0x2a9
V  [libjvm.so+0xfda795]  SystemDictionary::initialize(JavaThread*)+0x85
V  [libjvm.so+0x1037880]  Universe::genesis(JavaThread*)+0x80
V  [libjvm.so+0x1039f5b]  universe2_init()+0x1b
V  [libjvm.so+0xa7999b]  init_globals2()+0xb
V  [libjvm.so+0x101bd92]  Threads::create_vm(JavaVMInitArgs*, bool*)+0x332
V  [libjvm.so+0xb518b2]  JNI_CreateJavaVM+0x52
C  [libjli.so+0x10ac2]  JavaMain+0x112
C  [libjli.so+0x13789]  ThreadJavaMain+0x9
C  [libc.so.6+0x957eb]

siginfo: si_signo: 11 (SIGSEGV), si_code: 1 (SEGV_MAPERR), si_addr: 0x000000130000000b

Registers:
RAX=0x00000000ffffff00, RBX=0x0000000000000058, RCX=0x00007fe537fbf010, RDX=0x00007fe537f918c0
RSP=0x00007fe53dd00f00, RBP=0x00007fe53dd00f50, RSI=0x00007fe53802b058, RDI=0x00007fe53814bda0
R8 =0x00007fe53802aeb0, R9 =0x0000000000000000, R10=0x0000000000002230, R11=0x0000000000000000
R12=0x0000001300000007, R13=0x0000000000000002, R14=0x00000012ffffffff, R15=0x00000000ffffff00
RIP=0x00007fe53edcc752, EFLAGS=0x0000000000010202, CSGSFS=0x002b000000000033, ERR=0x0000000000000004
  TRAPNO=0x000000000000000e

XMM[0]=0x00007fe53816264a 0x00007fe538160430
XMM[1]=0xffffffffffffffff 0xffffffffffffffff
XMM[2]=0xffffffffffffffff 0xffffffffffffffff
XMM[3]=0x00ff000000000000 0x0000ff00000000ff
XMM[4]=0xa70107843d030400 0xa704070099fb00b6
XMM[5]=0x0619063a3207152b 0x2d009a1c3100a2be
XMM[6]=0x0000000000000000 0x0000000000000000
XMM[7]=0x0000000000000000 0x0000000000000000
XMM[8]=0x0719b02b27009909 0x15b02a0401b60419
XMM[9]=0x0000000000000000 0x0000000000000000
XMM[10]=0x0000000000000000 0x0000000000000000
XMM[11]=0x9999999999999999 0x9999999999999999
XMM[12]=0x2020202020202020 0x2020202020202020
XMM[13]=0x0000000000000000 0x0000000000000000
XMM[14]=0x0000000000000000 0x0000000000000000
XMM[15]=0x0000000000000000 0x0000000000000000
  MXCSR=0x00001fa1


Top of Stack: (sp=0x00007fe53dd00f00)
0x00007fe53dd00f00:   00007fe5381606fc 0000000000000058
0x00007fe53dd00f10:   00007fe53802b058 0000000000000000
0x00007fe53dd00f20:   00007fe53814bda0 0000000000000058
0x00007fe53dd00f30:   00000000d14fe102 0000000000000058
0x00007fe53dd00f40:   00007fe5381606fc 00007fe53802b5c0
0x00007fe53dd00f50:   00007fe53dd00f80 00007fe53edcd32e
0x00007fe53dd00f60:   0000000000000027 00007fe5381606fc
0x00007fe53dd00f70:   00007fe50003ab68 00007fe53802aeb0
0x00007fe53dd00f80:   00007fe53dd010d0 00007fe53e623e99
0x00007fe53dd00f90:   00000008000445e0 0000000000000000
0x00007fe53dd00fa0:   00007fe538160504 00007fe53816057a
0x00007fe53dd00fb0:   00007fe538160687 00007fe53816069a
0x00007fe53dd00fc0:   00007fe53e617a80 00007fe53802aeb0
0x00007fe53dd00fd0:   00007fe53dd00ff0 00007fe53ec27406
0x00007fe53dd00fe0:   0000001c00000069 0000005500000010
0x00007fe53dd00ff0:   00007fe53802ba80 00007fe53802ba80
0x00007fe53dd01000:   0000001500000012 0000002400000023
0x00007fe53dd01010:   00007fe5381473d8 0000000000000001
0x00007fe53dd01020:   7c005808f9af91c5 51bc7fdb4403b17f
0x00007fe53dd01030:   00007fe53dd01090 00007fe53ebf460f
0x00007fe53dd01040:   00007fe53802aeb0 0000000000000000
0x00007fe53dd01050:   00007fe53dd010b0 00007fe538162650
0x00007fe53dd01060:   d14fe1023802aeb0 0000000400000127
0x00007fe53dd01070:   00007fe53ef71038 00007fe538160430
0x00007fe53dd01080:   00007fe53816264a 00007fe538160754
0x00007fe53dd01090:   00007fe53803ce90 00007fe53ebf0100
0x00007fe53dd010a0:   00007fe53dd012b8 00007fe53802aeb0
0x00007fe53dd010b0:   0000000000000127 0000000000000127
0x00007fe53dd010c0:   00007fe53dd012b8 00007fe50003ab68
0x00007fe53dd010d0:   00007fe53dd01130 00007fe53e6245e2
0x00007fe53dd010e0:   00007fe50003aa38 0000000000000127
0x00007fe53dd010f0:   00007fe538149730 0000000000000130 

Instructions: (pc=0x00007fe53edcc752)
0x00007fe53edcc652:   dd e9 75 ff ff ff 48 83 c4 08 5b 41 5c 41 5d 41
0x00007fe53edcc662:   5e 41 5f 5d c3 66 0f 1f 84 00 00 00 00 00 55 48
0x00007fe53edcc672:   89 e5 89 d2 5d e9 04 00 00 00 0f 1f 40 00 55 48
0x00007fe53edcc682:   89 e5 41 57 41 56 41 55 41 54 53 48 83 ec 28 49
0x00007fe53edcc692:   89 d7 89 f3 48 89 7d b0 66 48 8d 3d ee ae 1d 00
0x00007fe53edcc6a2:   66 66 48 e8 d6 d7 10 00 48 8b 30 48 8b 3d 6c d4
0x00007fe53edcc6b2:   23 00 48 8b 8e a8 01 00 00 48 81 c6 a8 01 00 00
0x00007fe53edcc6c2:   48 89 c8 48 89 4d c8 f6 c1 01 75 12 48 8d 05 bb
0x00007fe53edcc6d2:   2c 21 00 48 8b 80 80 00 00 00 48 83 c8 01 48 87
0x00007fe53edcc6e2:   06 48 8b 47 50 48 85 c0 74 09 48 8d 47 50 31 c9
0x00007fe53edcc6f2:   48 87 08 48 8b 4f 10 48 8b 41 18 4c 21 f8 48 8b
0x00007fe53edcc702:   09 48 8b 14 c1 48 f7 c2 02 00 00 00 48 89 75 c0
0x00007fe53edcc712:   48 89 7d d0 75 7c 4c 8d 3c c1 4d 8b 37 49 83 e6
0x00007fe53edcc722:   fc 0f 84 87 00 00 00 89 d8 48 89 45 b8 45 31 ff
0x00007fe53edcc732:   45 31 ed eb 14 66 0f 1f 84 00 00 00 00 00 4d 8b
0x00007fe53edcc742:   36 41 89 c7 4d 85 f6 74 68 49 ff c5 4d 8d 66 08
0x00007fe53edcc752:   41 0f b7 46 0c 39 c3 75 25 49 8d 7e 0e 48 8b 75
0x00007fe53edcc762:   b0 48 8b 55 b8 e8 34 da 10 00 85 c0 75 10 4c 89
0x00007fe53edcc772:   e7 e8 28 f2 ff ff 84 c0 75 6b 0f 1f 40 00 b0 01
0x00007fe53edcc782:   41 f6 c7 01 75 b8 41 8b 04 24 66 85 c0 0f 94 c0
0x00007fe53edcc792:   eb ac 48 8b 47 18 4c 23 78 18 49 c1 e7 03 4c 03
0x00007fe53edcc7a2:   38 4d 8b 37 49 83 e6 fc 0f 85 79 ff ff ff 45 31
0x00007fe53edcc7b2:   ed 48 8b 45 d0 48 8b 40 30 45 31 e4 48 8b 4d c0
0x00007fe53edcc7c2:   48 8b 55 c8 48 89 11 49 39 c5 76 07 c6 05 34 d3
0x00007fe53edcc7d2:   23 00 01 4c 89 e0 48 83 c4 28 5b 41 5c 41 5d 41
0x00007fe53edcc7e2:   5e 41 5f 5d c3 48 8b 45 d0 48 8b 40 30 eb cd 66
0x00007fe53edcc7f2:   66 66 66 66 66 2e 0f 1f 84 00 00 00 00 00 55 48
0x00007fe53edcc802:   89 e5 41 57 41 56 41 55 41 54 53 48 83 ec 18 48
0x00007fe53edcc812:   89 7d c8 83 3d b8 d2 23 00 00 0f 84 88 02 00 00
0x00007fe53edcc822:   41 89 d7 0f b6 05 14 d3 23 00 3c 01 0f 85 94 00
0x00007fe53edcc832:   00 00 85 f6 7e 0e 83 fe 04 73 11 45 31 ff 48 8b
0x00007fe53edcc842:   45 c8 eb 5a 45 31 ff e9 7a 00 00 00 89 f1 81 e1 



---------------  P R O C E S S  ---------------

Threads class SMR info:
_java_thread_list=0x00007fe538150bc0, length=1, elements={
0x00007fe53802aeb0
}

Java Threads: ( => current thread )
=>0x00007fe53802aeb0 JavaThread "Unknown thread"             [_thread_in_vm, id=193153, stack(0x00007fe53dc03000,0x00007fe53dd03000) (1024K)]
Total: 1

Other Threads:
  0x00007fe53814fd30 WatcherThread "VM Periodic Task Thread"        [id=193159, stack(0x00007fe520f3e000,0x00007fe52103e000) (1024K)]
  0x00007fe538092490 WorkerThread "GC Thread#0"                     [id=193154, stack(0x00007fe521fe8000,0x00007fe5220e8000) (1024K)]
  0x00007fe5380a2f00 ConcurrentGCThread "G1 Main Marker"            [id=193155, stack(0x00007fe521ee7000,0x00007fe521fe7000) (1024K)]
  0x00007fe5380a3ea0 WorkerThread "G1 Conc#0"                       [id=193156, stack(0x00007fe521de6000,0x00007fe521ee6000) (1024K)]
  0x00007fe53813ecc0 ConcurrentGCThread "G1 Refine#0"               [id=193157, stack(0x00007fe5212db000,0x00007fe5213db000) (1024K)]
  0x00007fe53813fc70 ConcurrentGCThread "G1 Service"                [id=193158, stack(0x00007fe5211da000,0x00007fe5212da000) (1024K)]
Total: 6

Threads with active compile tasks:
Total: 0

VM state: not at safepoint (not fully initialized)

VM Mutex/Monitor currently owned by a thread: None

Heap address: 0x000000070ba00000, size: 3910 MB, Compressed Oops mode: Zero based, Oop shift amount: 3

CDS archive(s) not mapped
Compressed class space mapped at: 0x0000000800000000-0x0000000840000000, reserved size: 1073741824
Narrow klass base: 0x0000000800000000, Narrow klass shift: 0, Narrow klass range: 0x40000000

GC Precious Log:
 CardTable entry size: 512
 Card Set container configuration: InlinePtr #cards 4 size 8 Array Of Cards #cards 16 size 48 Howl #buckets 8 coarsen threshold 3686 Howl Bitmap #cards 512 size 80 coarsen threshold 460 Card regions per heap region 1 cards per card region 4096
 CPUs: 12 total, 12 available
 Memory: 15632M
 Large Page Support: Disabled
 NUMA Support: Disabled
 Compressed Oops: Enabled (Zero based)
 Heap Region Size: 2M
 Heap Min Capacity: 8M
 Heap Initial Capacity: 246M
 Heap Max Capacity: 3910M
 Pre-touch: Disabled
 Parallel Workers: 10
 Concurrent Workers: 3
 Concurrent Refinement Workers: 10
 Periodic GC: Disabled

Heap:
 garbage-first heap   total 251904K, used 0K [0x000000070ba00000, 0x0000000800000000)
  region size 2048K, 1 young (2048K), 0 survivors (0K)
 Metaspace       used 255K, committed 320K, reserved 1114112K
  class space    used 18K, committed 64K, reserved 1048576K

Heap Regions: E=young(eden), S=young(survivor), O=old, HS=humongous(starts), HC=humongous(continues), CS=collection set, F=free, TAMS=top-at-mark-start, PB=parsable bottom
|   0|0x000000070ba00000, 0x000000070ba00000, 0x000000070bc00000|  0%| F|  |TAMS 0x000000070ba00000| PB 0x000000070ba00000| Untracked 
|   1|0x000000070bc00000, 0x000000070bc00000, 0x000000070be00000|  0%| F|  |TAMS 0x000000070bc00000| PB 0x000000070bc00000| Untracked 
|   2|0x000000070be00000, 0x000000070be00000, 0x000000070c000000|  0%| F|  |TAMS 0x000000070be00000| PB 0x000000070be00000| Untracked 
|   3|0x000000070c000000, 0x000000070c000000, 0x000000070c200000|  0%| F|  |TAMS 0x000000070c000000| PB 0x000000070c000000| Untracked 
|   4|0x000000070c200000, 0x000000070c200000, 0x000000070c400000|  0%| F|  |TAMS 0x000000070c200000| PB 0x000000070c200000| Untracked 
|   5|0x000000070c400000, 0x000000070c400000, 0x000000070c600000|  0%| F|  |TAMS 0x000000070c400000| PB 0x000000070c400000| Untracked 
|   6|0x000000070c600000, 0x000000070c600000, 0x000000070c800000|  0%| F|  |TAMS 0x000000070c600000| PB 0x000000070c600000| Untracked 
|   7|0x000000070c800000, 0x000000070c800000, 0x000000070ca00000|  0%| F|  |TAMS 0x000000070c800000| PB 0x000000070c800000| Untracked 
|   8|0x000000070ca00000, 0x000000070ca00000, 0x000000070cc00000|  0%| F|  |TAMS 0x000000070ca00000| PB 0x000000070ca00000| Untracked 
|   9|0x000000070cc00000, 0x000000070cc00000, 0x000000070ce00000|  0%| F|  |TAMS 0x000000070cc00000| PB 0x000000070cc00000| Untracked 
|  10|0x000000070ce00000, 0x000000070ce00000, 0x000000070d000000|  0%| F|  |TAMS 0x000000070ce00000| PB 0x000000070ce00000| Untracked 
|  11|0x000000070d000000, 0x000000070d000000, 0x000000070d200000|  0%| F|  |TAMS 0x000000070d000000| PB 0x000000070d000000| Untracked 
|  12|0x000000070d200000, 0x000000070d200000, 0x000000070d400000|  0%| F|  |TAMS 0x000000070d200000| PB 0x000000070d200000| Untracked 
|  13|0x000000070d400000, 0x000000070d400000, 0x000000070d600000|  0%| F|  |TAMS 0x000000070d400000| PB 0x000000070d400000| Untracked 
|  14|0x000000070d600000, 0x000000070d600000, 0x000000070d800000|  0%| F|  |TAMS 0x000000070d600000| PB 0x000000070d600000| Untracked 
|  15|0x000000070d800000, 0x000000070d800000, 0x000000070da00000|  0%| F|  |TAMS 0x000000070d800000| PB 0x000000070d800000| Untracked 
|  16|0x000000070da00000, 0x000000070da00000, 0x000000070dc00000|  0%| F|  |TAMS 0x000000070da00000| PB 0x000000070da00000| Untracked 
|  17|0x000000070dc00000, 0x000000070dc00000, 0x000000070de00000|  0%| F|  |TAMS 0x000000070dc00000| PB 0x000000070dc00000| Untracked 
|  18|0x000000070de00000, 0x000000070de00000, 0x000000070e000000|  0%| F|  |TAMS 0x000000070de00000| PB 0x000000070de00000| Untracked 
|  19|0x000000070e000000, 0x000000070e000000, 0x000000070e200000|  0%| F|  |TAMS 0x000000070e000000| PB 0x000000070e000000| Untracked 
|  20|0x000000070e200000, 0x000000070e200000, 0x000000070e400000|  0%| F|  |TAMS 0x000000070e200000| PB 0x000000070e200000| Untracked 
|  21|0x000000070e400000, 0x000000070e400000, 0x000000070e600000|  0%| F|  |TAMS 0x000000070e400000| PB 0x000000070e400000| Untracked 
|  22|0x000000070e600000, 0x000000070e600000, 0x000000070e800000|  0%| F|  |TAMS 0x000000070e600000| PB 0x000000070e600000| Untracked 
|  23|0x000000070e800000, 0x000000070e800000, 0x000000070ea00000|  0%| F|  |TAMS 0x000000070e800000| PB 0x000000070e800000| Untracked 
|  24|0x000000070ea00000, 0x000000070ea00000, 0x000000070ec00000|  0%| F|  |TAMS 0x000000070ea00000| PB 0x000000070ea00000| Untracked 
|  25|0x000000070ec00000, 0x000000070ec00000, 0x000000070ee00000|  0%| F|  |TAMS 0x000000070ec00000| PB 0x000000070ec00000| Untracked 
|  26|0x000000070ee00000, 0x000000070ee00000, 0x000000070f000000|  0%| F|  |TAMS 0x000000070ee00000| PB 0x000000070ee00000| Untracked 
|  27|0x000000070f000000, 0x000000070f000000, 0x000000070f200000|  0%| F|  |TAMS 0x000000070f000000| PB 0x000000070f000000| Untracked 
|  28|0x000000070f200000, 0x000000070f200000, 0x000000070f400000|  0%| F|  |TAMS 0x000000070f200000| PB 0x000000070f200000| Untracked 
|  29|0x000000070f400000, 0x000000070f400000, 0x000000070f600000|  0%| F|  |TAMS 0x000000070f400000| PB 0x000000070f400000| Untracked 
|  30|0x000000070f600000, 0x000000070f600000, 0x000000070f800000|  0%| F|  |TAMS 0x000000070f600000| PB 0x000000070f600000| Untracked 
|  31|0x000000070f800000, 0x000000070f800000, 0x000000070fa00000|  0%| F|  |TAMS 0x000000070f800000| PB 0x000000070f800000| Untracked 
|  32|0x000000070fa00000, 0x000000070fa00000, 0x000000070fc00000|  0%| F|  |TAMS 0x000000070fa00000| PB 0x000000070fa00000| Untracked 
|  33|0x000000070fc00000, 0x000000070fc00000, 0x000000070fe00000|  0%| F|  |TAMS 0x000000070fc00000| PB 0x000000070fc00000| Untracked 
|  34|0x000000070fe00000, 0x000000070fe00000, 0x0000000710000000|  0%| F|  |TAMS 0x000000070fe00000| PB 0x000000070fe00000| Untracked 
|  35|0x0000000710000000, 0x0000000710000000, 0x0000000710200000|  0%| F|  |TAMS 0x0000000710000000| PB 0x0000000710000000| Untracked 
|  36|0x0000000710200000, 0x0000000710200000, 0x0000000710400000|  0%| F|  |TAMS 0x0000000710200000| PB 0x0000000710200000| Untracked 
|  37|0x0000000710400000, 0x0000000710400000, 0x0000000710600000|  0%| F|  |TAMS 0x0000000710400000| PB 0x0000000710400000| Untracked 
|  38|0x0000000710600000, 0x0000000710600000, 0x0000000710800000|  0%| F|  |TAMS 0x0000000710600000| PB 0x0000000710600000| Untracked 
|  39|0x0000000710800000, 0x0000000710800000, 0x0000000710a00000|  0%| F|  |TAMS 0x0000000710800000| PB 0x0000000710800000| Untracked 
|  40|0x0000000710a00000, 0x0000000710a00000, 0x0000000710c00000|  0%| F|  |TAMS 0x0000000710a00000| PB 0x0000000710a00000| Untracked 
|  41|0x0000000710c00000, 0x0000000710c00000, 0x0000000710e00000|  0%| F|  |TAMS 0x0000000710c00000| PB 0x0000000710c00000| Untracked 
|  42|0x0000000710e00000, 0x0000000710e00000, 0x0000000711000000|  0%| F|  |TAMS 0x0000000710e00000| PB 0x0000000710e00000| Untracked 
|  43|0x0000000711000000, 0x0000000711000000, 0x0000000711200000|  0%| F|  |TAMS 0x0000000711000000| PB 0x0000000711000000| Untracked 
|  44|0x0000000711200000, 0x0000000711200000, 0x0000000711400000|  0%| F|  |TAMS 0x0000000711200000| PB 0x0000000711200000| Untracked 
|  45|0x0000000711400000, 0x0000000711400000, 0x0000000711600000|  0%| F|  |TAMS 0x0000000711400000| PB 0x0000000711400000| Untracked 
|  46|0x0000000711600000, 0x0000000711600000, 0x0000000711800000|  0%| F|  |TAMS 0x0000000711600000| PB 0x0000000711600000| Untracked 
|  47|0x0000000711800000, 0x0000000711800000, 0x0000000711a00000|  0%| F|  |TAMS 0x0000000711800000| PB 0x0000000711800000| Untracked 
|  48|0x0000000711a00000, 0x0000000711a00000, 0x0000000711c00000|  0%| F|  |TAMS 0x0000000711a00000| PB 0x0000000711a00000| Untracked 
|  49|0x0000000711c00000, 0x0000000711c00000, 0x0000000711e00000|  0%| F|  |TAMS 0x0000000711c00000| PB 0x0000000711c00000| Untracked 
|  50|0x0000000711e00000, 0x0000000711e00000, 0x0000000712000000|  0%| F|  |TAMS 0x0000000711e00000| PB 0x0000000711e00000| Untracked 
|  51|0x0000000712000000, 0x0000000712000000, 0x0000000712200000|  0%| F|  |TAMS 0x0000000712000000| PB 0x0000000712000000| Untracked 
|  52|0x0000000712200000, 0x0000000712200000, 0x0000000712400000|  0%| F|  |TAMS 0x0000000712200000| PB 0x0000000712200000| Untracked 
|  53|0x0000000712400000, 0x0000000712400000, 0x0000000712600000|  0%| F|  |TAMS 0x0000000712400000| PB 0x0000000712400000| Untracked 
|  54|0x0000000712600000, 0x0000000712600000, 0x0000000712800000|  0%| F|  |TAMS 0x0000000712600000| PB 0x0000000712600000| Untracked 
|  55|0x0000000712800000, 0x0000000712800000, 0x0000000712a00000|  0%| F|  |TAMS 0x0000000712800000| PB 0x0000000712800000| Untracked 
|  56|0x0000000712a00000, 0x0000000712a00000, 0x0000000712c00000|  0%| F|  |TAMS 0x0000000712a00000| PB 0x0000000712a00000| Untracked 
|  57|0x0000000712c00000, 0x0000000712c00000, 0x0000000712e00000|  0%| F|  |TAMS 0x0000000712c00000| PB 0x0000000712c00000| Untracked 
|  58|0x0000000712e00000, 0x0000000712e00000, 0x0000000713000000|  0%| F|  |TAMS 0x0000000712e00000| PB 0x0000000712e00000| Untracked 
|  59|0x0000000713000000, 0x0000000713000000, 0x0000000713200000|  0%| F|  |TAMS 0x0000000713000000| PB 0x0000000713000000| Untracked 
|  60|0x0000000713200000, 0x0000000713200000, 0x0000000713400000|  0%| F|  |TAMS 0x0000000713200000| PB 0x0000000713200000| Untracked 
|  61|0x0000000713400000, 0x0000000713400000, 0x0000000713600000|  0%| F|  |TAMS 0x0000000713400000| PB 0x0000000713400000| Untracked 
|  62|0x0000000713600000, 0x0000000713600000, 0x0000000713800000|  0%| F|  |TAMS 0x0000000713600000| PB 0x0000000713600000| Untracked 
|  63|0x0000000713800000, 0x0000000713800000, 0x0000000713a00000|  0%| F|  |TAMS 0x0000000713800000| PB 0x0000000713800000| Untracked 
|  64|0x0000000713a00000, 0x0000000713a00000, 0x0000000713c00000|  0%| F|  |TAMS 0x0000000713a00000| PB 0x0000000713a00000| Untracked 
|  65|0x0000000713c00000, 0x0000000713c00000, 0x0000000713e00000|  0%| F|  |TAMS 0x0000000713c00000| PB 0x0000000713c00000| Untracked 
|  66|0x0000000713e00000, 0x0000000713e00000, 0x0000000714000000|  0%| F|  |TAMS 0x0000000713e00000| PB 0x0000000713e00000| Untracked 
|  67|0x0000000714000000, 0x0000000714000000, 0x0000000714200000|  0%| F|  |TAMS 0x0000000714000000| PB 0x0000000714000000| Untracked 
|  68|0x0000000714200000, 0x0000000714200000, 0x0000000714400000|  0%| F|  |TAMS 0x0000000714200000| PB 0x0000000714200000| Untracked 
|  69|0x0000000714400000, 0x0000000714400000, 0x0000000714600000|  0%| F|  |TAMS 0x0000000714400000| PB 0x0000000714400000| Untracked 
|  70|0x0000000714600000, 0x0000000714600000, 0x0000000714800000|  0%| F|  |TAMS 0x0000000714600000| PB 0x0000000714600000| Untracked 
|  71|0x0000000714800000, 0x0000000714800000, 0x0000000714a00000|  0%| F|  |TAMS 0x0000000714800000| PB 0x0000000714800000| Untracked 
|  72|0x0000000714a00000, 0x0000000714a00000, 0x0000000714c00000|  0%| F|  |TAMS 0x0000000714a00000| PB 0x0000000714a00000| Untracked 
|  73|0x0000000714c00000, 0x0000000714c00000, 0x0000000714e00000|  0%| F|  |TAMS 0x0000000714c00000| PB 0x0000000714c00000| Untracked 
|  74|0x0000000714e00000, 0x0000000714e00000, 0x0000000715000000|  0%| F|  |TAMS 0x0000000714e00000| PB 0x0000000714e00000| Untracked 
|  75|0x0000000715000000, 0x0000000715000000, 0x0000000715200000|  0%| F|  |TAMS 0x0000000715000000| PB 0x0000000715000000| Untracked 
|  76|0x0000000715200000, 0x0000000715200000, 0x0000000715400000|  0%| F|  |TAMS 0x0000000715200000| PB 0x0000000715200000| Untracked 
|  77|0x0000000715400000, 0x0000000715400000, 0x0000000715600000|  0%| F|  |TAMS 0x0000000715400000| PB 0x0000000715400000| Untracked 
|  78|0x0000000715600000, 0x0000000715600000, 0x0000000715800000|  0%| F|  |TAMS 0x0000000715600000| PB 0x0000000715600000| Untracked 
|  79|0x0000000715800000, 0x0000000715800000, 0x0000000715a00000|  0%| F|  |TAMS 0x0000000715800000| PB 0x0000000715800000| Untracked 
|  80|0x0000000715a00000, 0x0000000715a00000, 0x0000000715c00000|  0%| F|  |TAMS 0x0000000715a00000| PB 0x0000000715a00000| Untracked 
|  81|0x0000000715c00000, 0x0000000715c00000, 0x0000000715e00000|  0%| F|  |TAMS 0x0000000715c00000| PB 0x0000000715c00000| Untracked 
|  82|0x0000000715e00000, 0x0000000715e00000, 0x0000000716000000|  0%| F|  |TAMS 0x0000000715e00000| PB 0x0000000715e00000| Untracked 
|  83|0x0000000716000000, 0x0000000716000000, 0x0000000716200000|  0%| F|  |TAMS 0x0000000716000000| PB 0x0000000716000000| Untracked 
|  84|0x0000000716200000, 0x0000000716200000, 0x0000000716400000|  0%| F|  |TAMS 0x0000000716200000| PB 0x0000000716200000| Untracked 
|  85|0x0000000716400000, 0x0000000716400000, 0x0000000716600000|  0%| F|  |TAMS 0x0000000716400000| PB 0x0000000716400000| Untracked 
|  86|0x0000000716600000, 0x0000000716600000, 0x0000000716800000|  0%| F|  |TAMS 0x0000000716600000| PB 0x0000000716600000| Untracked 
|  87|0x0000000716800000, 0x0000000716800000, 0x0000000716a00000|  0%| F|  |TAMS 0x0000000716800000| PB 0x0000000716800000| Untracked 
|  88|0x0000000716a00000, 0x0000000716a00000, 0x0000000716c00000|  0%| F|  |TAMS 0x0000000716a00000| PB 0x0000000716a00000| Untracked 
|  89|0x0000000716c00000, 0x0000000716c00000, 0x0000000716e00000|  0%| F|  |TAMS 0x0000000716c00000| PB 0x0000000716c00000| Untracked 
|  90|0x0000000716e00000, 0x0000000716e00000, 0x0000000717000000|  0%| F|  |TAMS 0x0000000716e00000| PB 0x0000000716e00000| Untracked 
|  91|0x0000000717000000, 0x0000000717000000, 0x0000000717200000|  0%| F|  |TAMS 0x0000000717000000| PB 0x0000000717000000| Untracked 
|  92|0x0000000717200000, 0x0000000717200000, 0x0000000717400000|  0%| F|  |TAMS 0x0000000717200000| PB 0x0000000717200000| Untracked 
|  93|0x0000000717400000, 0x0000000717400000, 0x0000000717600000|  0%| F|  |TAMS 0x0000000717400000| PB 0x0000000717400000| Untracked 
|  94|0x0000000717600000, 0x0000000717600000, 0x0000000717800000|  0%| F|  |TAMS 0x0000000717600000| PB 0x0000000717600000| Untracked 
|  95|0x0000000717800000, 0x0000000717800000, 0x0000000717a00000|  0%| F|  |TAMS 0x0000000717800000| PB 0x0000000717800000| Untracked 
|  96|0x0000000717a00000, 0x0000000717a00000, 0x0000000717c00000|  0%| F|  |TAMS 0x0000000717a00000| PB 0x0000000717a00000| Untracked 
|  97|0x0000000717c00000, 0x0000000717c00000, 0x0000000717e00000|  0%| F|  |TAMS 0x0000000717c00000| PB 0x0000000717c00000| Untracked 
|  98|0x0000000717e00000, 0x0000000717e00000, 0x0000000718000000|  0%| F|  |TAMS 0x0000000717e00000| PB 0x0000000717e00000| Untracked 
|  99|0x0000000718000000, 0x0000000718000000, 0x0000000718200000|  0%| F|  |TAMS 0x0000000718000000| PB 0x0000000718000000| Untracked 
| 100|0x0000000718200000, 0x0000000718200000, 0x0000000718400000|  0%| F|  |TAMS 0x0000000718200000| PB 0x0000000718200000| Untracked 
| 101|0x0000000718400000, 0x0000000718400000, 0x0000000718600000|  0%| F|  |TAMS 0x0000000718400000| PB 0x0000000718400000| Untracked 
| 102|0x0000000718600000, 0x0000000718600000, 0x0000000718800000|  0%| F|  |TAMS 0x0000000718600000| PB 0x0000000718600000| Untracked 
| 103|0x0000000718800000, 0x0000000718800000, 0x0000000718a00000|  0%| F|  |TAMS 0x0000000718800000| PB 0x0000000718800000| Untracked 
| 104|0x0000000718a00000, 0x0000000718a00000, 0x0000000718c00000|  0%| F|  |TAMS 0x0000000718a00000| PB 0x0000000718a00000| Untracked 
| 105|0x0000000718c00000, 0x0000000718c00000, 0x0000000718e00000|  0%| F|  |TAMS 0x0000000718c00000| PB 0x0000000718c00000| Untracked 
| 106|0x0000000718e00000, 0x0000000718e00000, 0x0000000719000000|  0%| F|  |TAMS 0x0000000718e00000| PB 0x0000000718e00000| Untracked 
| 107|0x0000000719000000, 0x0000000719000000, 0x0000000719200000|  0%| F|  |TAMS 0x0000000719000000| PB 0x0000000719000000| Untracked 
| 108|0x0000000719200000, 0x0000000719200000, 0x0000000719400000|  0%| F|  |TAMS 0x0000000719200000| PB 0x0000000719200000| Untracked 
| 109|0x0000000719400000, 0x0000000719400000, 0x0000000719600000|  0%| F|  |TAMS 0x0000000719400000| PB 0x0000000719400000| Untracked 
| 110|0x0000000719600000, 0x0000000719600000, 0x0000000719800000|  0%| F|  |TAMS 0x0000000719600000| PB 0x0000000719600000| Untracked 
| 111|0x0000000719800000, 0x0000000719800000, 0x0000000719a00000|  0%| F|  |TAMS 0x0000000719800000| PB 0x0000000719800000| Untracked 
| 112|0x0000000719a00000, 0x0000000719a00000, 0x0000000719c00000|  0%| F|  |TAMS 0x0000000719a00000| PB 0x0000000719a00000| Untracked 
| 113|0x0000000719c00000, 0x0000000719c00000, 0x0000000719e00000|  0%| F|  |TAMS 0x0000000719c00000| PB 0x0000000719c00000| Untracked 
| 114|0x0000000719e00000, 0x0000000719e00000, 0x000000071a000000|  0%| F|  |TAMS 0x0000000719e00000| PB 0x0000000719e00000| Untracked 
| 115|0x000000071a000000, 0x000000071a000000, 0x000000071a200000|  0%| F|  |TAMS 0x000000071a000000| PB 0x000000071a000000| Untracked 
| 116|0x000000071a200000, 0x000000071a200000, 0x000000071a400000|  0%| F|  |TAMS 0x000000071a200000| PB 0x000000071a200000| Untracked 
| 117|0x000000071a400000, 0x000000071a400000, 0x000000071a600000|  0%| F|  |TAMS 0x000000071a400000| PB 0x000000071a400000| Untracked 
| 118|0x000000071a600000, 0x000000071a600000, 0x000000071a800000|  0%| F|  |TAMS 0x000000071a600000| PB 0x000000071a600000| Untracked 
| 119|0x000000071a800000, 0x000000071a800000, 0x000000071aa00000|  0%| F|  |TAMS 0x000000071a800000| PB 0x000000071a800000| Untracked 
| 120|0x000000071aa00000, 0x000000071aa00000, 0x000000071ac00000|  0%| F|  |TAMS 0x000000071aa00000| PB 0x000000071aa00000| Untracked 
| 121|0x000000071ac00000, 0x000000071ac00000, 0x000000071ae00000|  0%| F|  |TAMS 0x000000071ac00000| PB 0x000000071ac00000| Untracked 
| 122|0x000000071ae00000, 0x000000071ae70aa8, 0x000000071b000000| 22%| E|  |TAMS 0x000000071ae00000| PB 0x000000071ae00000| Complete 

Card table byte_map: [0x00007fe53c0ad000,0x00007fe53c850000] _byte_map_base: 0x00007fe538850000

Marking Bits: (CMBitMap*) 0x00007fe538092fb0
 Bits: [0x00007fe5220e8000, 0x00007fe525e00000)

GC Heap History (0 events):
No events

Dll operation events (2 events):
Event: 0.001 Loaded shared library /usr/local/android-studio/jbr/lib/libjava.so
Event: 0.004 Loaded shared library /usr/local/android-studio/jbr/lib/libzip.so

Deoptimization events (0 events):
No events

Classes loaded (20 events):
Event: 0.005 Loading class java/lang/Cloneable done
Event: 0.005 Loading class java/lang/ClassLoader
Event: 0.006 Loading class java/lang/ClassLoader done
Event: 0.006 Loading class java/lang/System
Event: 0.006 Loading class java/lang/System done
Event: 0.006 Loading class java/lang/Throwable
Event: 0.006 Loading class java/lang/Throwable done
Event: 0.006 Loading class java/lang/Error
Event: 0.006 Loading class java/lang/Error done
Event: 0.006 Loading class java/lang/Exception
Event: 0.006 Loading class java/lang/Exception done
Event: 0.006 Loading class java/lang/RuntimeException
Event: 0.006 Loading class java/lang/RuntimeException done
Event: 0.006 Loading class java/lang/SecurityManager
Event: 0.006 Loading class java/lang/SecurityManager done
Event: 0.006 Loading class java/security/ProtectionDomain
Event: 0.007 Loading class java/security/ProtectionDomain done
Event: 0.007 Loading class java/security/AccessControlContext
Event: 0.007 Loading class java/security/AccessControlContext done
Event: 0.007 Loading class java/security/AccessController

Classes unloaded (0 events):
No events

Classes redefined (0 events):
No events

Internal exceptions (0 events):
No events

ZGC Phase Switch (0 events):
No events

VM Operations (0 events):
No events

Memory protections (1 events):
Event: 0.001 Protecting memory [0x00007fe53dc03000,0x00007fe53dc07000] with protection modes 0

Nmethod flushes (0 events):
No events

Events (1 events):
Event: 0.004 Thread 0x00007fe53802aeb0 Thread added: 0x00007fe53802aeb0


Dynamic libraries:
70ba00000-71b000000 rw-p 00000000 00:00 0 
71b000000-800040000 ---p 00000000 00:00 0 
800040000-800050000 rw-p 00000000 00:00 0 
800050000-840000000 ---p 00000000 00:00 0 
55a6647ac000-55a6647ad000 r--p 00000000 103:02 6070225                   /usr/local/android-studio/jbr/bin/java
55a6647ad000-55a6647ae000 r-xp 00000000 103:02 6070225                   /usr/local/android-studio/jbr/bin/java
55a6647ae000-55a6647b0000 r--p 00000000 103:02 6070225                   /usr/local/android-studio/jbr/bin/java
55a6647b0000-55a6647b1000 rw-p 00001000 103:02 6070225                   /usr/local/android-studio/jbr/bin/java
55a66d961000-55a66d9a6000 rw-p 00000000 00:00 0                          [heap]
7fe500000000-7fe500040000 rw-p 00000000 00:00 0 
7fe500040000-7fe504000000 ---p 00000000 00:00 0 
7fe504000000-7fe504021000 rw-p 00000000 00:00 0 
7fe504021000-7fe508000000 ---p 00000000 00:00 0 
7fe508000000-7fe508021000 rw-p 00000000 00:00 0 
7fe508021000-7fe50c000000 ---p 00000000 00:00 0 
7fe50c000000-7fe50c021000 rw-p 00000000 00:00 0 
7fe50c021000-7fe510000000 ---p 00000000 00:00 0 
7fe512000000-7fe514021000 rw-p 00000000 00:00 0 
7fe514021000-7fe518000000 ---p 00000000 00:00 0 
7fe518000000-7fe518021000 rw-p 00000000 00:00 0 
7fe518021000-7fe51c000000 ---p 00000000 00:00 0 
7fe51c000000-7fe51c021000 rw-p 00000000 00:00 0 
7fe51c021000-7fe520000000 ---p 00000000 00:00 0 
7fe520b61000-7fe520f3d000 rw-p 00000000 00:00 0 
7fe520f3d000-7fe520f3e000 ---p 00000000 00:00 0 
7fe520f3e000-7fe52103e000 rw-p 00000000 00:00 0 
7fe521158000-7fe5211d9000 rw-p 00000000 00:00 0 
7fe5211d9000-7fe5211da000 ---p 00000000 00:00 0 
7fe5211da000-7fe5212da000 rw-p 00000000 00:00 0 
7fe5212da000-7fe5212db000 ---p 00000000 00:00 0 
7fe5212db000-7fe5213db000 rw-p 00000000 00:00 0 
7fe5213db000-7fe521de5000 rw-p 00000000 00:00 0 
7fe521de5000-7fe521de6000 ---p 00000000 00:00 0 
7fe521de6000-7fe521ee6000 rw-p 00000000 00:00 0 
7fe521ee6000-7fe521ee7000 ---p 00000000 00:00 0 
7fe521ee7000-7fe521fe7000 rw-p 00000000 00:00 0 
7fe521fe7000-7fe521fe8000 ---p 00000000 00:00 0 
7fe521fe8000-7fe5220e8000 rw-p 00000000 00:00 0 
7fe5220e8000-7fe5224c0000 rw-p 00000000 00:00 0 
7fe5224c0000-7fe525e00000 ---p 00000000 00:00 0 
7fe525e00000-7fe526070000 rwxp 00000000 00:00 0 
7fe526070000-7fe52d337000 ---p 00000000 00:00 0 
7fe52d337000-7fe52d5a7000 rwxp 00000000 00:00 0 
7fe52d5a7000-7fe52d8c9000 ---p 00000000 00:00 0 
7fe52d8c9000-7fe52db39000 rwxp 00000000 00:00 0 
7fe52db39000-7fe534e00000 ---p 00000000 00:00 0 
7fe534e00000-7fe537f5a000 r--s 00000000 103:02 6070210                   /usr/local/android-studio/jbr/lib/modules
7fe537f64000-7fe53818b000 rw-p 00000000 00:00 0 
7fe53818b000-7fe53c000000 ---p 00000000 00:00 0 
7fe53c00e000-7fe53c017000 r--p 00000000 103:02 6070116                   /usr/local/android-studio/jbr/lib/libzip.so
7fe53c017000-7fe53c02c000 r-xp 00008000 103:02 6070116                   /usr/local/android-studio/jbr/lib/libzip.so
7fe53c02c000-7fe53c02d000 r--p 0001c000 103:02 6070116                   /usr/local/android-studio/jbr/lib/libzip.so
7fe53c02d000-7fe53c02e000 rw-p 0001c000 103:02 6070116                   /usr/local/android-studio/jbr/lib/libzip.so
7fe53c02e000-7fe53c128000 rw-p 00000000 00:00 0 
7fe53c128000-7fe53c850000 ---p 00000000 00:00 0 
7fe53c850000-7fe53c8cb000 rw-p 00000000 00:00 0 
7fe53c8cb000-7fe53cff3000 ---p 00000000 00:00 0 
7fe53cff3000-7fe53da02000 rw-p 00000000 00:00 0 
7fe53da02000-7fe53dae8000 ---p 00000000 00:00 0 
7fe53dae8000-7fe53daed000 rw-p 00000000 00:00 0 
7fe53daed000-7fe53dbd3000 ---p 00000000 00:00 0 
7fe53dbd3000-7fe53dbd8000 rw-p 00000000 00:00 0 
7fe53dbd8000-7fe53dbdf000 ---p 00000000 00:00 0 
7fe53dbdf000-7fe53dbf1000 r--p 00000000 103:02 6070113                   /usr/local/android-studio/jbr/lib/libjava.so
7fe53dbf1000-7fe53dbff000 r-xp 00011000 103:02 6070113                   /usr/local/android-studio/jbr/lib/libjava.so
7fe53dbff000-7fe53dc01000 r--p 0001e000 103:02 6070113                   /usr/local/android-studio/jbr/lib/libjava.so
7fe53dc01000-7fe53dc03000 rw-p 0001f000 103:02 6070113                   /usr/local/android-studio/jbr/lib/libjava.so
7fe53dc03000-7fe53dc07000 ---p 00000000 00:00 0 
7fe53dc07000-7fe53dd03000 rw-p 00000000 00:00 0 
7fe53dd03000-7fe53dd04000 r--p 00000000 103:02 5770573                   /usr/lib/librt.so.1
7fe53dd04000-7fe53dd05000 r-xp 00001000 103:02 5770573                   /usr/lib/librt.so.1
7fe53dd05000-7fe53dd06000 r--p 00002000 103:02 5770573                   /usr/lib/librt.so.1
7fe53dd06000-7fe53dd07000 r--p 00002000 103:02 5770573                   /usr/lib/librt.so.1
7fe53dd07000-7fe53dd08000 rw-p 00003000 103:02 5770573                   /usr/lib/librt.so.1
7fe53dd08000-7fe53dd17000 r--p 00000000 103:02 5770530                   /usr/lib/libm.so.6
7fe53dd17000-7fe53dd9d000 r-xp 0000f000 103:02 5770530                   /usr/lib/libm.so.6
7fe53dd9d000-7fe53ddfe000 r--p 00095000 103:02 5770530                   /usr/lib/libm.so.6
7fe53ddfe000-7fe53ddff000 r--p 000f6000 103:02 5770530                   /usr/lib/libm.so.6
7fe53ddff000-7fe53de00000 rw-p 000f7000 103:02 5770530                   /usr/lib/libm.so.6
7fe53de00000-7fe53e358000 r--p 00000000 103:02 6070193                   /usr/local/android-studio/jbr/lib/server/libjvm.so
7fe53e358000-7fe53eedb000 r-xp 00557000 103:02 6070193                   /usr/local/android-studio/jbr/lib/server/libjvm.so
7fe53eedb000-7fe53efa8000 r--p 010d9000 103:02 6070193                   /usr/local/android-studio/jbr/lib/server/libjvm.so
7fe53efa8000-7fe53efcb000 rw-p 011a5000 103:02 6070193                   /usr/local/android-studio/jbr/lib/server/libjvm.so
7fe53efcb000-7fe53f043000 rw-p 00000000 00:00 0 
7fe53f045000-7fe53f047000 rw-p 00000000 00:00 0 
7fe53f047000-7fe53f06b000 r--p 00000000 103:02 5770513                   /usr/lib/libc.so.6
7fe53f06b000-7fe53f1db000 r-xp 00024000 103:02 5770513                   /usr/lib/libc.so.6
7fe53f1db000-7fe53f229000 r--p 00194000 103:02 5770513                   /usr/lib/libc.so.6
7fe53f229000-7fe53f22d000 r--p 001e1000 103:02 5770513                   /usr/lib/libc.so.6
7fe53f22d000-7fe53f22f000 rw-p 001e5000 103:02 5770513                   /usr/lib/libc.so.6
7fe53f22f000-7fe53f237000 rw-p 00000000 00:00 0 
7fe53f237000-7fe53f238000 r--p 00000000 103:02 5770523                   /usr/lib/libdl.so.2
7fe53f238000-7fe53f239000 r-xp 00001000 103:02 5770523                   /usr/lib/libdl.so.2
7fe53f239000-7fe53f23a000 r--p 00002000 103:02 5770523                   /usr/lib/libdl.so.2
7fe53f23a000-7fe53f23b000 r--p 00002000 103:02 5770523                   /usr/lib/libdl.so.2
7fe53f23b000-7fe53f23c000 rw-p 00003000 103:02 5770523                   /usr/lib/libdl.so.2
7fe53f23c000-7fe53f23d000 r--p 00000000 103:02 5770566                   /usr/lib/libpthread.so.0
7fe53f23d000-7fe53f23e000 r-xp 00001000 103:02 5770566                   /usr/lib/libpthread.so.0
7fe53f23e000-7fe53f23f000 r--p 00002000 103:02 5770566                   /usr/lib/libpthread.so.0
7fe53f23f000-7fe53f240000 r--p 00002000 103:02 5770566                   /usr/lib/libpthread.so.0
7fe53f240000-7fe53f241000 rw-p 00003000 103:02 5770566                   /usr/lib/libpthread.so.0
7fe53f241000-7fe53f249000 rw-s 00000000 00:2a 2641                       /tmp/hsperfdata_savelli/193152
7fe53f249000-7fe53f24a000 ---p 00000000 00:00 0 
7fe53f24a000-7fe53f24b000 r--p 00000000 00:00 0 
7fe53f24b000-7fe53f24c000 ---p 00000000 00:00 0 
7fe53f24c000-7fe53f257000 r--p 00000000 103:02 6070220                   /usr/local/android-studio/jbr/lib/libjimage.so
7fe53f257000-7fe53f26b000 r-xp 0000a000 103:02 6070220                   /usr/local/android-studio/jbr/lib/libjimage.so
7fe53f26b000-7fe53f26d000 r--p 0001d000 103:02 6070220                   /usr/local/android-studio/jbr/lib/libjimage.so
7fe53f26d000-7fe53f26e000 rw-p 0001e000 103:02 6070220                   /usr/local/android-studio/jbr/lib/libjimage.so
7fe53f26e000-7fe53f26f000 rw-p 00000000 00:00 0 
7fe53f26f000-7fe53f278000 r--p 00000000 103:02 6070181                   /usr/local/android-studio/jbr/lib/libjli.so
7fe53f278000-7fe53f287000 r-xp 00008000 103:02 6070181                   /usr/local/android-studio/jbr/lib/libjli.so
7fe53f287000-7fe53f288000 r--p 00016000 103:02 6070181                   /usr/local/android-studio/jbr/lib/libjli.so
7fe53f288000-7fe53f289000 rw-p 00016000 103:02 6070181                   /usr/local/android-studio/jbr/lib/libjli.so
7fe53f289000-7fe53f28b000 rw-p 00000000 00:00 0 
7fe53f28b000-7fe53f28d000 r--p 00000000 00:00 0                          [vvar]
7fe53f28d000-7fe53f28f000 r--p 00000000 00:00 0                          [vvar_vclock]
7fe53f28f000-7fe53f291000 r-xp 00000000 00:00 0                          [vdso]
7fe53f291000-7fe53f292000 r--p 00000000 103:02 5770500                   /usr/lib/ld-linux-x86-64.so.2
7fe53f292000-7fe53f2bb000 r-xp 00001000 103:02 5770500                   /usr/lib/ld-linux-x86-64.so.2
7fe53f2bb000-7fe53f2c6000 r--p 0002a000 103:02 5770500                   /usr/lib/ld-linux-x86-64.so.2
7fe53f2c6000-7fe53f2c8000 r--p 00034000 103:02 5770500                   /usr/lib/ld-linux-x86-64.so.2
7fe53f2c8000-7fe53f2c9000 rw-p 00036000 103:02 5770500                   /usr/lib/ld-linux-x86-64.so.2
7fe53f2c9000-7fe53f2ca000 rw-p 00000000 00:00 0 
7ffd7499b000-7ffd749bc000 rw-p 00000000 00:00 0                          [stack]
ffffffffff600000-ffffffffff601000 --xp 00000000 00:00 0                  [vsyscall]
Total number of mappings: 126


VM Arguments:
jvm_args: -Dawt.toolkit.name=XToolkit 
java_command: <unknown>
java_class_path (initial): <not set>
Launcher Type: SUN_STANDARD

[Global flags]
     intx CICompilerCount                          = 4                                         {product} {ergonomic}
     uint ConcGCThreads                            = 3                                         {product} {ergonomic}
     uint G1ConcRefinementThreads                  = 10                                        {product} {ergonomic}
   size_t G1HeapRegionSize                         = 2097152                                   {product} {ergonomic}
    uintx GCDrainStackTargetSize                   = 64                                        {product} {ergonomic}
   size_t InitialHeapSize                          = 257949696                                 {product} {ergonomic}
   size_t MarkStackSize                            = 4194304                                   {product} {ergonomic}
   size_t MaxHeapSize                              = 4099932160                                {product} {ergonomic}
   size_t MaxNewSize                               = 2459959296                                {product} {ergonomic}
   size_t MinHeapDeltaBytes                        = 2097152                                   {product} {ergonomic}
   size_t MinHeapSize                              = 8388608                                   {product} {ergonomic}
    uintx NonNMethodCodeHeapSize                   = 5839372                                {pd product} {ergonomic}
    uintx NonProfiledCodeHeapSize                  = 122909434                              {pd product} {ergonomic}
    uintx ProfiledCodeHeapSize                     = 122909434                              {pd product} {ergonomic}
    uintx ReservedCodeCacheSize                    = 251658240                              {pd product} {ergonomic}
     bool SegmentedCodeCache                       = true                                      {product} {ergonomic}
   size_t SoftMaxHeapSize                          = 4099932160                             {manageable} {ergonomic}
     bool UseCompressedOops                        = true                           {product lp64_product} {ergonomic}
     bool UseG1GC                                  = true                                      {product} {ergonomic}

Logging:
Log output configuration:
 #0: stdout all=warning uptime,level,tags foldmultilines=false
 #1: stderr all=off uptime,level,tags foldmultilines=false

Environment Variables:
JAVA_HOME=/usr/local/android-studio/jbr
PATH=/usr/local/android-studio/jbr/bin:/opt/google-cloud-cli/bin:/usr/local/sbin:/usr/local/bin:/usr/bin:/usr/lib/jvm/default/bin:/usr/bin/site_perl:/usr/bin/vendor_perl:/usr/bin/core_perl:/home/savelli/.local/share/JetBrains/Toolbox/scripts
SHELL=/bin/bash
DISPLAY=:0
LANG=en_US.UTF-8
LC_NUMERIC=pt_PT.UTF-8
LC_TIME=pt_PT.UTF-8

Active Locale:
LC_ALL=C
LC_COLLATE=C
LC_CTYPE=C
LC_MESSAGES=C
LC_MONETARY=C
LC_NUMERIC=C
LC_TIME=C

Signal Handlers:
   SIGSEGV: crash_handler in libjvm.so, mask=11100100010111111101111111111110, flags=SA_RESTART|SA_SIGINFO, unblocked
    SIGBUS: crash_handler in libjvm.so, mask=11100100010111111101111111111110, flags=SA_RESTART|SA_SIGINFO, unblocked
    SIGFPE: crash_handler in libjvm.so, mask=11100100010111111101111111111110, flags=SA_RESTART|SA_SIGINFO, unblocked
   SIGPIPE: javaSignalHandler in libjvm.so, mask=11100100010111111101111111111110, flags=SA_RESTART|SA_SIGINFO, blocked
   SIGXFSZ: javaSignalHandler in libjvm.so, mask=11100100010111111101111111111110, flags=SA_RESTART|SA_SIGINFO, blocked
    SIGILL: crash_handler in libjvm.so, mask=11100100010111111101111111111110, flags=SA_RESTART|SA_SIGINFO, unblocked
   SIGUSR2: SR_handler in libjvm.so, mask=00000000000000000000010000000000, flags=SA_RESTART|SA_SIGINFO, blocked
    SIGHUP: SIG_DFL, mask=00000000000000000000000000000000, flags=none, blocked
    SIGINT: SIG_DFL, mask=00000000000000000000000000000000, flags=none, blocked
   SIGTERM: SIG_DFL, mask=00000000000000000000000000000000, flags=none, blocked
   SIGQUIT: UserHandler in libjvm.so, mask=11100100010111111101111111111110, flags=SA_RESTART|SA_SIGINFO, blocked
   SIGTRAP: crash_handler in libjvm.so, mask=11100100010111111101111111111110, flags=SA_RESTART|SA_SIGINFO, unblocked


Periodic native trim disabled

JNI global refs:
JNI global refs: 0, weak refs: 0

JNI global refs memory usage: 0, weak refs: 0

Process memory usage:
Resident Set Size: 24920K (0% of 16007288K total physical memory with 5886276K free physical memory)

OOME stack traces (most recent first):
Classloader memory used:
Loader bootstrap                                                                       : 255K

---------------  S Y S T E M  ---------------

OS:
DISTRIB_ID="EndeavourOS"
DISTRIB_RELEASE="rolling"
DISTRIB_DESCRIPTION="EndeavourOS Linux"
DISTRIB_CODENAME="rolling"
uname: Linux 6.14.9-arch1-1 #1 SMP PREEMPT_DYNAMIC Thu, 29 May 2025 21:42:15 +0000 x86_64
OS uptime: 4 days 16:52 hours
libc: glibc 2.41 NPTL 2.41 
rlimit (soft/hard): STACK 8192k/infinity , CORE infinity/infinity , NPROC 62203/62203 , NOFILE 524288/524288 , AS infinity/infinity , CPU infinity/infinity , DATA infinity/infinity , FSIZE infinity/infinity , MEMLOCK 8192k/8192k
load average: 3.51 3.25 3.82

/proc/meminfo:
MemTotal:       16007288 kB
MemFree:          373324 kB
MemAvailable:    5886276 kB
Buffers:           67560 kB
Cached:          6061016 kB
SwapCached:       587332 kB
Active:          7242192 kB
Inactive:        5506816 kB
Active(anon):    6536100 kB
Inactive(anon):  1110608 kB
Active(file):     706092 kB
Inactive(file):  4396208 kB
Unevictable:      795772 kB
Mlocked:             456 kB
SwapTotal:      17618584 kB
SwapFree:       14206868 kB
Zswap:            772824 kB
Zswapped:        2336128 kB
Dirty:            119348 kB
Writeback:             0 kB
AnonPages:       7265068 kB
Mapped:          2942688 kB
Shmem:           1026368 kB
KReclaimable:     752488 kB
Slab:            1013764 kB
SReclaimable:     752488 kB
SUnreclaim:       261276 kB
KernelStack:       31764 kB
PageTables:        90572 kB
SecPageTables:      6164 kB
NFS_Unstable:          0 kB
Bounce:                0 kB
WritebackTmp:          0 kB
CommitLimit:    25622228 kB
Committed_AS:   37402848 kB
VmallocTotal:   34359738367 kB
VmallocUsed:       98032 kB
VmallocChunk:          0 kB
Percpu:             7824 kB
HardwareCorrupted:     0 kB
AnonHugePages:    933888 kB
ShmemHugePages:        0 kB
ShmemPmdMapped:        0 kB
FileHugePages:    212992 kB
FilePmdMapped:    212992 kB
CmaTotal:              0 kB
CmaFree:               0 kB
Unaccepted:            0 kB
HugePages_Total:       0
HugePages_Free:        0
HugePages_Rsvd:        0
HugePages_Surp:        0
Hugepagesize:       2048 kB
Hugetlb:               0 kB
DirectMap4k:      233624 kB
DirectMap2M:     6742016 kB
DirectMap1G:     9437184 kB

/sys/kernel/mm/transparent_hugepage/enabled: [always] madvise never
/sys/kernel/mm/transparent_hugepage/hpage_pmd_size: 2097152
/sys/kernel/mm/transparent_hugepage/defrag (defrag/compaction efforts parameter): always defer defer+madvise [madvise] never

Process Memory:
Virtual Size: 6042240K (peak: 6043368K)
Resident Set Size: 24920K (peak: 24920K) (anon: 8832K, file: 16088K, shmem: 0K)
Swapped out: 0K
C-Heap outstanding allocations: 27333K, retained: 986K
glibc malloc tunables: (default)

/proc/sys/kernel/threads-max (system-wide limit on the number of threads): 124407
/proc/sys/vm/max_map_count (maximum number of memory map areas a process may have): 1048576
/proc/sys/vm/swappiness (control to define how aggressively the kernel swaps out anonymous memory): 60
/proc/sys/kernel/pid_max (system-wide limit on number of process identifiers): 4194304

container information not found.
Steal ticks since vm start: 0
Steal ticks percentage since vm start:  0.000

CPU: total 12 (initial active 12) (12 cores per cpu, 1 threads per core) family 6 model 186 stepping 3 microcode 0x4128, cx8, cmov, fxsr, mmx, 3dnowpref, sse, sse2, sse3, ssse3, sse4.1, sse4.2, popcnt, lzcnt, tsc, tscinvbit, avx, avx2, aes, erms, clmul, bmi1, bmi2, adx, sha, fma, vzeroupper, clflush, clflushopt, clwb, serialize, rdtscp, rdpid, fsrm, f16c, pku, ospke, cet_ibt, cet_ss
CPU Model and flags from /proc/cpuinfo:
model name	: 13th Gen Intel(R) Core(TM) i5-1335U
flags		: fpu vme de pse tsc msr pae mce cx8 apic sep mtrr pge mca cmov pat pse36 clflush dts acpi mmx fxsr sse sse2 ss ht tm pbe syscall nx pdpe1gb rdtscp lm constant_tsc art arch_perfmon pebs bts rep_good nopl xtopology nonstop_tsc cpuid aperfmperf tsc_known_freq pni pclmulqdq dtes64 monitor ds_cpl vmx smx est tm2 ssse3 sdbg fma cx16 xtpr pdcm pcid sse4_1 sse4_2 x2apic movbe popcnt tsc_deadline_timer aes xsave avx f16c rdrand lahf_lm abm 3dnowprefetch cpuid_fault epb ssbd ibrs ibpb stibp ibrs_enhanced tpr_shadow flexpriority ept vpid ept_ad fsgsbase tsc_adjust bmi1 avx2 smep bmi2 erms invpcid rdseed adx smap clflushopt clwb intel_pt sha_ni xsaveopt xsavec xgetbv1 xsaves split_lock_detect user_shstk avx_vnni dtherm ida arat pln pts hwp hwp_notify hwp_act_window hwp_epp hwp_pkg_req hfi vnmi umip pku ospke waitpkg gfni vaes vpclmulqdq rdpid movdiri movdir64b fsrm md_clear serialize arch_lbr ibt flush_l1d arch_capabilities

Online cpus: 0-11
Offline cpus: 
BIOS frequency limitation: <Not Available>
Frequency switch latency (ns): 0
Available cpu frequencies: <Not Available>
Current governor: powersave
Core performance/turbo boost: <Not Available>

Memory: 4k page, physical 16007288k(5886276k free), swap 17618584k(14206868k free)
Page Sizes: 4k

vm_info: OpenJDK 64-Bit Server VM (21.0.6+-13368085-b895.109) for linux-amd64 JRE (21.0.6+-13368085-b895.109), built on 2025-04-16T16:59:14Z by "builder" with clang Android (13174946, +pgo, +bolt, +lto, +mlgo, based on r547379) Clang 20.0.0 (https://android.googlesource.com/toolchain/llvm-project b718bcaf8c198c82f3021447d943401e3ab5bd54)

END.
